<?xml version="1.0" encoding="UTF-8"?>
<!-- Generated by org.testng.reporters.JUnitReportReporter -->
<testsuite hostname="LAPTOP-EMVGQFL9" failures="0" tests="6" name="testRunner.TestRunner" time="23.455" errors="0" timestamp="2025-07-20T00:28:31 IST" skipped="0">
  <testcase classname="testRunner.TestRunner" name="runScenario" time="3.873"/>
  <system-out/>
  <testcase classname="testRunner.TestRunner" name="runScenario" time="3.205"/>
  <system-out/>
  <testcase classname="testRunner.TestRunner" name="runScenario" time="4.007"/>
  <system-out/>
  <testcase classname="testRunner.TestRunner" name="runScenario" time="3.933"/>
  <system-out/>
  <testcase classname="testRunner.TestRunner" name="runScenario" time="5.155"/>
  <system-out/>
  <testcase classname="testRunner.TestRunner" name="runScenario" time="3.282"/>
  <system-out/>
</testsuite> <!-- testRunner.TestRunner -->
