<?xml version="1.0" encoding="UTF-8"?>
<!-- Generated by org.testng.reporters.JUnitReportReporter -->
<testsuite hostname="LAPTOP-EMVGQFL9" failures="0" tests="3" name="cucumberOptions.TestNGTestRunner" time="47.799" errors="0" timestamp="2025-07-20T18:37:59 IST" skipped="0">
  <testcase classname="cucumberOptions.TestNGTestRunner" name="runScenario" time="21.265"/>
  <system-out/>
  <testcase classname="cucumberOptions.TestNGTestRunner" name="runScenario" time="7.535"/>
  <system-out/>
  <testcase classname="cucumberOptions.TestNGTestRunner" name="runScenario" time="18.999"/>
  <system-out/>
</testsuite> <!-- cucumberOptions.TestNGTestRunner -->
