<?xml version="1.0" encoding="UTF-8"?>
<!-- Generated by org.testng.reporters.JUnitReportReporter -->
<testsuite hostname="LAPTOP-EMVGQFL9" failures="0" tests="3" name="testRunner.TestRunner" time="44.643" errors="0" timestamp="2025-07-20T18:37:59 IST" skipped="0">
  <testcase classname="testRunner.TestRunner" name="runScenario" time="18.566"/>
  <system-out/>
  <testcase classname="testRunner.TestRunner" name="runScenario" time="7.409"/>
  <system-out/>
  <testcase classname="testRunner.TestRunner" name="runScenario" time="18.668"/>
  <system-out/>
</testsuite> <!-- testRunner.TestRunner -->
