<?xml version="1.0" encoding="UTF-8"?>
<!-- Generated by org.testng.reporters.JUnitReportReporter -->
<testsuite hostname="LAPTOP-EMVGQFL9" failures="0" tests="6" name="testRunner.TestRunner" time="20.492" errors="0" timestamp="2025-07-20T17:32:48 IST" skipped="0">
  <testcase classname="testRunner.TestRunner" name="runScenario" time="3.174"/>
  <system-out/>
  <testcase classname="testRunner.TestRunner" name="runScenario" time="3.216"/>
  <system-out/>
  <testcase classname="testRunner.TestRunner" name="runScenario" time="2.909"/>
  <system-out/>
  <testcase classname="testRunner.TestRunner" name="runScenario" time="3.551"/>
  <system-out/>
  <testcase classname="testRunner.TestRunner" name="runScenario" time="2.881"/>
  <system-out/>
  <testcase classname="testRunner.TestRunner" name="runScenario" time="4.761"/>
  <system-out/>
</testsuite> <!-- testRunner.TestRunner -->
