<?xml version="1.0" encoding="UTF-8"?>
<!-- Generated by org.testng.reporters.JUnitReportReporter -->
<testsuite hostname="LAPTOP-EMVGQFL9" failures="0" tests="3" name="testRunner.TestRunner" time="48.660" errors="0" timestamp="2025-07-19T13:18:10 IST" skipped="0">
  <testcase classname="testRunner.TestRunner" name="runScenario" time="21.237"/>
  <system-out/>
  <testcase classname="testRunner.TestRunner" name="runScenario" time="19.102"/>
  <system-out/>
  <testcase classname="testRunner.TestRunner" name="runScenario" time="8.321"/>
  <system-out/>
</testsuite> <!-- testRunner.TestRunner -->
